# Created at 2019-12-04T13:21:19.889
TestSet has not finished before stream error has appeared >> initializing exit by non-null configuration: DEFAULT
java.io.EOFException
	at java.io.DataInputStream.readInt(DataInputStream.java:392)
	at org.apache.maven.surefire.booter.MasterProcessCommand.decode(MasterProcessCommand.java:115)
	at org.apache.maven.surefire.booter.CommandReader$CommandRunnable.run(CommandReader.java:391)
	at java.lang.Thread.run(Thread.java:748)


# Created at 2019-12-04T13:21:58.627
Unexpected IOException with stream: org.openqa.selenium.NoSuchWindowException: no such window: target window already closed
from unknown error: web view not found
  (Session info: chrome=78.0.3904.108)
Build info: version: '3.141.59', revision: 'e82be7d358', time: '2018-11-14T08:17:03'
System info: host: 'BICY5QHRAR', ip: '16.214.224.233', os.name: 'Windows 10', os.arch: 'amd64', os.version: '10.0', java.version: '1.8.0_144'
Driver info: org.openqa.selenium.chrome.ChromeDriver
Capabilities {acceptInsecureCerts: false, browserName: chrome, browserVersion: 78.0.3904.108, chrome: {chromedriverVersion: 78.0.3904.70 (edb9c9f3de024..., userDataDir: C:\Users\morara\AppData\Loc...}, goog:chromeOptions: {debuggerAddress: localhost:55251}, javascriptEnabled: true, networkConnectionEnabled: false, pageLoadStrategy: normal, platform: XP, platformName: XP, proxy: Proxy(), setWindowRect: true, strictFileInteractability: false, timeouts: {implicit: 0, pageLoad: 300000, script: 30000}, unhandledPromptBehavior: dismiss and notify}
Session ID: 859ab8db14d3506f8e8eac1fa081e9ff
*** Element info: {Using=xpath, value=//*[@id="hpehf-myaccount-item"]/a}

# Created at 2019-12-04T13:21:58.631
Unexpected IOException with stream: 


# Created at 2019-12-04T13:21:58.633
Unexpected IOException with stream:     [32mGiven [0m[32mUser is on StoreFront homepage with [0m[32m[1mhttps://uat.buy.hpe.com/ca/en[0m  [90m# SignInOptionsDefinitions.user_is_on_storefront_homepage_with(String)[0m


# Created at 2019-12-04T13:21:58.638
Unexpected IOException with stream:     [31mWhen [0m[31mUser goes to login page[0m                                             [90m# SignInOptionsDefinitions.user_goes_to_login_page()[0m


# Created at 2019-12-04T13:21:58.641
Unexpected IOException with stream:       [31morg.openqa.selenium.NoSuchWindowException: no such window: target window already closed
from unknown error: web view not found
  (Session info: chrome=78.0.3904.108)
Build info: version: '3.141.59', revision: 'e82be7d358', time: '2018-11-14T08:17:03'
System info: host: 'BICY5QHRAR', ip: '16.214.224.233', os.name: 'Windows 10', os.arch: 'amd64', os.version: '10.0', java.version: '1.8.0_144'
Driver info: org.openqa.selenium.chrome.ChromeDriver
Capabilities {acceptInsecureCerts: false, browserName: chrome, browserVersion: 78.0.3904.108, chrome: {chromedriverVersion: 78.0.3904.70 (edb9c9f3de024..., userDataDir: C:\Users\morara\AppData\Loc...}, goog:chromeOptions: {debuggerAddress: localhost:55251}, javascriptEnabled: true, networkConnectionEnabled: false, pageLoadStrategy: normal, platform: XP, platformName: XP, proxy: Proxy(), setWindowRect: true, strictFileInteractability: false, timeouts: {implicit: 0, pageLoad: 300000, script: 30000}, unhandledPromptBehavior: dismiss and notify}
Session ID: 859ab8db14d3506f8e8eac1fa081e9ff
*** Element info: {Using=xpath, value=//*[@id="hpehf-myaccount-item"]/a}
	at sun.reflect.GeneratedConstructorAccessor13.newInstance(Unknown Source)
	at sun.reflect.DelegatingConstructorAccessorImpl.newInstance(DelegatingConstructorAccessorImpl.java:45)
	at java.lang.reflect.Constructor.newInstance(Constructor.java:423)
	at org.openqa.selenium.remote.http.W3CHttpResponseCodec.createException(W3CHttpResponseCodec.java:187)
	at org.openqa.selenium.remote.http.W3CHttpResponseCodec.decode(W3CHttpResponseCodec.java:122)
	at org.openqa.selenium.remote.http.W3CHttpResponseCodec.decode(W3CHttpResponseCodec.java:49)
	at org.openqa.selenium.remote.HttpCommandExecutor.execute(HttpCommandExecutor.java:158)
	at org.openqa.selenium.remote.service.DriverCommandExecutor.execute(DriverCommandExecutor.java:83)
	at org.openqa.selenium.remote.RemoteWebDriver.execute(RemoteWebDriver.java:552)
	at org.openqa.selenium.remote.RemoteWebDriver.findElement(RemoteWebDriver.java:323)
	at org.openqa.selenium.remote.RemoteWebDriver.findElementByXPath(RemoteWebDriver.java:428)
	at org.openqa.selenium.By$ByXPath.findElement(By.java:353)
	at org.openqa.selenium.remote.RemoteWebDriver.findElement(RemoteWebDriver.java:315)
	at org.openqa.selenium.support.pagefactory.DefaultElementLocator.findElement(DefaultElementLocator.java:69)
	at org.openqa.selenium.support.pagefactory.internal.LocatingElementHandler.invoke(LocatingElementHandler.java:38)
	at com.sun.proxy.$Proxy18.isEnabled(Unknown Source)
	at pageObjects.StoreFrontHomeHeaderMenu.goto_loginPage(StoreFrontHomeHeaderMenu.java:47)
	at stepDefinitions.SignInOptionsDefinitions.user_goes_to_login_page(SignInOptionsDefinitions.java:29)
	at ?.User goes to login page(file:src/test/java/features/Login.feature:6)
[0m


# Created at 2019-12-04T13:21:58.643
Unexpected IOException with stream:     [36mAnd [0m[36mUser logins with "[0m[36m[1misao.palacios.canadaen@yopmail.com[0m[36m" and "[0m[36m[1mMoloko55[0m[36m"[0m [90m# SignInOptionsDefinitions.user_logins_with_something_and_something(String,String)[0m


# Created at 2019-12-04T13:21:58.645
Unexpected IOException with stream:     [36mAnd [0m[36mUser searches for "[0m[36m[1mDL380[0m[36m"[0m                                            [90m# SignInOptionsDefinitions.user_searches_for_something(String)[0m


# Created at 2019-12-04T13:21:58.646
Unexpected IOException with stream:     [36mAnd [0m[36mUser clicks on get quote button[0m                                      [90m# SignInOptionsDefinitions.user_clicks_on_get_quote_button()[0m


# Created at 2019-12-04T13:21:58.648
Unexpected IOException with stream:     [36mThen [0m[36mSignIn options is not displayed[0m                                     [90m# SignInOptionsDefinitions.signin_options_is_not_displayed()[0m


# Created at 2019-12-04T13:22:00.664
Unexpected IOException with stream:       [31morg.openqa.selenium.WebDriverException: chrome not reachable
  (Session info: chrome=78.0.3904.108)
Build info: version: '3.141.59', revision: 'e82be7d358', time: '2018-11-14T08:17:03'
System info: host: 'BICY5QHRAR', ip: '16.214.224.233', os.name: 'Windows 10', os.arch: 'amd64', os.version: '10.0', java.version: '1.8.0_144'
Driver info: org.openqa.selenium.chrome.ChromeDriver
Capabilities {acceptInsecureCerts: false, browserName: chrome, browserVersion: 78.0.3904.108, chrome: {chromedriverVersion: 78.0.3904.70 (edb9c9f3de024..., userDataDir: C:\Users\morara\AppData\Loc...}, goog:chromeOptions: {debuggerAddress: localhost:55251}, javascriptEnabled: true, networkConnectionEnabled: false, pageLoadStrategy: normal, platform: XP, platformName: XP, proxy: Proxy(), setWindowRect: true, strictFileInteractability: false, timeouts: {implicit: 0, pageLoad: 300000, script: 30000}, unhandledPromptBehavior: dismiss and notify}
Session ID: 859ab8db14d3506f8e8eac1fa081e9ff
	at sun.reflect.NativeConstructorAccessorImpl.newInstance0(Native Method)
	at sun.reflect.NativeConstructorAccessorImpl.newInstance(NativeConstructorAccessorImpl.java:62)
	at sun.reflect.DelegatingConstructorAccessorImpl.newInstance(DelegatingConstructorAccessorImpl.java:45)
	at java.lang.reflect.Constructor.newInstance(Constructor.java:423)
	at org.openqa.selenium.remote.http.W3CHttpResponseCodec.createException(W3CHttpResponseCodec.java:187)
	at org.openqa.selenium.remote.http.W3CHttpResponseCodec.decode(W3CHttpResponseCodec.java:122)
	at org.openqa.selenium.remote.http.W3CHttpResponseCodec.decode(W3CHttpResponseCodec.java:49)
	at org.openqa.selenium.remote.HttpCommandExecutor.execute(HttpCommandExecutor.java:158)
	at org.openqa.selenium.remote.service.DriverCommandExecutor.execute(DriverCommandExecutor.java:83)
	at org.openqa.selenium.remote.RemoteWebDriver.execute(RemoteWebDriver.java:552)
	at org.openqa.selenium.remote.RemoteWebDriver.execute(RemoteWebDriver.java:609)
	at org.openqa.selenium.remote.RemoteWebDriver.close(RemoteWebDriver.java:442)
	at stepDefinitions.Hooks.tearDown(Hooks.java:16)
	at sun.reflect.NativeMethodAccessorImpl.invoke0(Native Method)
	at sun.reflect.NativeMethodAccessorImpl.invoke(NativeMethodAccessorImpl.java:62)
	at sun.reflect.DelegatingMethodAccessorImpl.invoke(DelegatingMethodAccessorImpl.java:43)
	at java.lang.reflect.Method.invoke(Method.java:498)
	at cucumber.runtime.Utils$1.call(Utils.java:26)
	at cucumber.runtime.Timeout.timeout(Timeout.java:16)
	at cucumber.runtime.Utils.invoke(Utils.java:20)
	at cucumber.runtime.java.JavaHookDefinition.execute(JavaHookDefinition.java:65)
	at cucumber.runner.HookDefinitionMatch.runStep(HookDefinitionMatch.java:16)
	at cucumber.runner.TestStep.executeStep(TestStep.java:65)
	at cucumber.runner.TestStep.run(TestStep.java:50)
	at cucumber.runner.TestCase.run(TestCase.java:50)
	at cucumber.runner.Runner.runPickle(Runner.java:50)
	at io.cucumber.junit.PickleRunners$NoStepDescriptions.run(PickleRunners.java:146)
	at io.cucumber.junit.FeatureRunner.runChild(FeatureRunner.java:68)
	at io.cucumber.junit.FeatureRunner.runChild(FeatureRunner.java:23)
	at org.junit.runners.ParentRunner$3.run(ParentRunner.java:238)
	at org.junit.runners.ParentRunner$1.schedule(ParentRunner.java:63)
	at org.junit.runners.ParentRunner.runChildren(ParentRunner.java:236)
	at org.junit.runners.ParentRunner.access$000(ParentRunner.java:53)
	at org.junit.runners.ParentRunner$2.evaluate(ParentRunner.java:229)
	at org.junit.runners.ParentRunner.run(ParentRunner.java:309)
	at io.cucumber.junit.Cucumber.runChild(Cucumber.java:144)
	at io.cucumber.junit.Cucumber.runChild(Cucumber.java:65)
	at org.junit.runners.ParentRunner$3.run(ParentRunner.java:238)
	at org.junit.runners.ParentRunner$1.schedule(ParentRunner.java:63)
	at org.junit.runners.ParentRunner.runChildren(ParentRunner.java:236)
	at org.junit.runners.ParentRunner.access$000(ParentRunner.java:53)
	at org.junit.runners.ParentRunner$2.evaluate(ParentRunner.java:229)
	at io.cucumber.junit.Cucumber$RunCucumber.evaluate(Cucumber.java:174)
	at org.junit.runners.ParentRunner.run(ParentRunner.java:309)
	at org.apache.maven.surefire.junit4.JUnit4Provider.execute(JUnit4Provider.java:365)
	at org.apache.maven.surefire.junit4.JUnit4Provider.executeWithRerun(JUnit4Provider.java:273)
	at org.apache.maven.surefire.junit4.JUnit4Provider.executeTestSet(JUnit4Provider.java:238)
	at org.apache.maven.surefire.junit4.JUnit4Provider.invoke(JUnit4Provider.java:159)
	at org.apache.maven.surefire.booter.ForkedBooter.invokeProviderInSameClassLoader(ForkedBooter.java:384)
	at org.apache.maven.surefire.booter.ForkedBooter.runSuitesInProcess(ForkedBooter.java:345)
	at org.apache.maven.surefire.booter.ForkedBooter.execute(ForkedBooter.java:126)
	at org.apache.maven.surefire.booter.ForkedBooter.main(ForkedBooter.java:418)
[0m


# Created at 2019-12-04T13:22:00.667
Unexpected IOException: 7,1,Login options,Verify SignIn option is not available(Login options),null,no such window: target window already closed\000Afrom unknown error: web view not found\000A  (Session info: chrome=78.0.3904.108)\000ABuild info: version: '3.141.59'\002C revision: 'e82be7d358'\002C time: '2018-11-14T08:17:03'\000ASystem info: host: 'BICY5QHRAR'\002C ip: '16.214.224.233'\002C os.name: 'Windows 10'\002C os.arch: 'amd64'\002C os.version: '10.0'\002C java.version: '1.8.0_144'\000ADriver info: org.openqa.selenium.chrome.ChromeDriver\000ACapabilities {acceptInsecureCerts: false\002C browserName: chrome\002C browserVersion: 78.0.3904.108\002C chrome: {chromedriverVersion: 78.0.3904.70 (edb9c9f3de024...\002C userDataDir: C:\005CUsers\005Cmorara\005CAppData\005CLoc...}\002C goog:chromeOptions: {debuggerAddress: localhost:55251}\002C javascriptEnabled: true\002C networkConnectionEnabled: false\002C pageLoadStrategy: normal\002C platform: XP\002C platformName: XP\002C proxy: Proxy()\002C setWindowRect: true\002C strictFileInteractability: false\002C timeouts: {implicit: 0\002C pageLoad: 300000\002C script: 30000}\002C unhandledPromptBehavior: dismiss and notify}\000ASession ID: 859ab8db14d3506f8e8eac1fa081e9ff\000A*** Element info: {Using=xpath\002C value=//*[@id="hpehf-myaccount-item"]/a},null,no such window: target window already closed\000Afrom unknown error: web view not found\000A  (Session info: chrome=78.0.3904.108)\000ABuild info: version: '3.141.59'\002C revision: 'e82be7d358'\002C time: '2018-11-14T08:17:03'\000ASystem info: host: 'BICY5QHRAR'\002C ip: '16.214.224.233'\002C os.name: 'Windows 10'\002C os.arch: 'amd64'\002C os.version: '10.0'\002C java.version: '1.8.0_144'\000ADriver info: org.openqa.selenium.chrome.ChromeDriver\000ACapabilities {acceptInsecureCerts: false\002C browserName: chrome\002C browserVersion: 78.0.3904.108\002C chrome: {chromedriverVersion: 78.0.3904.70 (edb9c9f3de024...\002C userDataDir: C:\005CUsers\005Cmorara\005CAppData\005CLoc...}\002C goog:chromeOptions: {debuggerAddress: localhost:55251}\002C javascriptEnabled: true\002C networkConnectionEnabled: false\002C pageLoadStrategy: normal\002C platform: XP\002C platformName: XP\002C proxy: Proxy()\002C setWindowRect: true\002C strictFileInteractability: false\002C timeouts: {implicit: 0\002C pageLoad: 300000\002C script: 30000}\002C unhandledPromptBehavior: dismiss and notify}\000ASession ID: 859ab8db14d3506f8e8eac1fa081e9ff\000A*** Element info: {Using=xpath\002C value=//*[@id="hpehf-myaccount-item"]/a},no such window: target window already closed\000Afrom unknown error: web view not found\000A  (Session info: chrome=78.0.3904.108)\000ABuild info: version: '3.141.59'\002C revision: 'e82be7d358'\002C time: '2018-11-14T08:17:03'\000ASystem info: host: 'BICY5QHRAR'\002C ip: '16.214.224.233'\002C os.name: 'Windows 10'\002C os.arch: 'amd64'\002C os.version: '10.0'\002C java.version: '1.8.0_144'\000ADriver info: org.openqa.selenium.chrome.ChromeDriver\000ACapabilities {acceptInsecureCerts: false\002C browserName: chrome\002C browserVersion: 78.0.3904.108\002C chrome: {chromedriverVersion: 78.0.3904.70 (edb9c9f3de024...\002C userDataDir: C:\005CUsers\005Cmorara\005CAppData\005CLoc...}\002C goog:chromeOptions: {debuggerAddress: localhost:55251}\002C javascriptEnabled: true\002C networkConnectionEnabled: false\002C pageLoadStrategy: normal\002C platform: XP\002C platformName: XP\002C proxy: Proxy()\002C setWindowRect: true\002C strictFileInteractability: false\002C timeouts: {implicit: 0\002C pageLoad: 300000\002C script: 30000}\002C unhandledPromptBehavior: dismiss and notify}\000ASession ID: 859ab8db14d3506f8e8eac1fa081e9ff\000A*** Element info: {Using=xpath\002C value=//*[@id="hpehf-myaccount-item"]/a},org.openqa.selenium.NoSuchWindowException: \000Ano such window: target window already closed\000Afrom unknown error: web view not found\000A  (Session info: chrome=78.0.3904.108)\000ABuild info: version: '3.141.59'\002C revision: 'e82be7d358'\002C time: '2018-11-14T08:17:03'\000ASystem info: host: 'BICY5QHRAR'\002C ip: '16.214.224.233'\002C os.name: 'Windows 10'\002C os.arch: 'amd64'\002C os.version: '10.0'\002C java.version: '1.8.0_144'\000ADriver info: org.openqa.selenium.chrome.ChromeDriver\000ACapabilities {acceptInsecureCerts: false\002C browserName: chrome\002C browserVersion: 78.0.3904.108\002C chrome: {chromedriverVersion: 78.0.3904.70 (edb9c9f3de024...\002C userDataDir: C:\005CUsers\005Cmorara\005CAppData\005CLoc...}\002C goog:chromeOptions: {debuggerAddress: localhost:55251}\002C javascriptEnabled: true\002C networkConnectionEnabled: false\002C pageLoadStrategy: normal\002C platform: XP\002C platformName: XP\002C proxy: Proxy()\002C setWindowRect: true\002C strictFileInteractability: false\002C timeouts: {implicit: 0\002C pageLoad: 300000\002C script: 30000}\002C unhandledPromptBehavior: dismiss and notify}\000ASession ID: 859ab8db14d3506f8e8eac1fa081e9ff\000A*** Element info: {Using=xpath\002C value=//*[@id="hpehf-myaccount-item"]/a}\000A


# Created at 2019-12-04T13:22:00.670
Unexpected IOException: 7,1,Login options,Verify SignIn option is not available(Login options),null,chrome not reachable\000A  (Session info: chrome=78.0.3904.108)\000ABuild info: version: '3.141.59'\002C revision: 'e82be7d358'\002C time: '2018-11-14T08:17:03'\000ASystem info: host: 'BICY5QHRAR'\002C ip: '16.214.224.233'\002C os.name: 'Windows 10'\002C os.arch: 'amd64'\002C os.version: '10.0'\002C java.version: '1.8.0_144'\000ADriver info: org.openqa.selenium.chrome.ChromeDriver\000ACapabilities {acceptInsecureCerts: false\002C browserName: chrome\002C browserVersion: 78.0.3904.108\002C chrome: {chromedriverVersion: 78.0.3904.70 (edb9c9f3de024...\002C userDataDir: C:\005CUsers\005Cmorara\005CAppData\005CLoc...}\002C goog:chromeOptions: {debuggerAddress: localhost:55251}\002C javascriptEnabled: true\002C networkConnectionEnabled: false\002C pageLoadStrategy: normal\002C platform: XP\002C platformName: XP\002C proxy: Proxy()\002C setWindowRect: true\002C strictFileInteractability: false\002C timeouts: {implicit: 0\002C pageLoad: 300000\002C script: 30000}\002C unhandledPromptBehavior: dismiss and notify}\000ASession ID: 859ab8db14d3506f8e8eac1fa081e9ff,null,chrome not reachable\000A  (Session info: chrome=78.0.3904.108)\000ABuild info: version: '3.141.59'\002C revision: 'e82be7d358'\002C time: '2018-11-14T08:17:03'\000ASystem info: host: 'BICY5QHRAR'\002C ip: '16.214.224.233'\002C os.name: 'Windows 10'\002C os.arch: 'amd64'\002C os.version: '10.0'\002C java.version: '1.8.0_144'\000ADriver info: org.openqa.selenium.chrome.ChromeDriver\000ACapabilities {acceptInsecureCerts: false\002C browserName: chrome\002C browserVersion: 78.0.3904.108\002C chrome: {chromedriverVersion: 78.0.3904.70 (edb9c9f3de024...\002C userDataDir: C:\005CUsers\005Cmorara\005CAppData\005CLoc...}\002C goog:chromeOptions: {debuggerAddress: localhost:55251}\002C javascriptEnabled: true\002C networkConnectionEnabled: false\002C pageLoadStrategy: normal\002C platform: XP\002C platformName: XP\002C proxy: Proxy()\002C setWindowRect: true\002C strictFileInteractability: false\002C timeouts: {implicit: 0\002C pageLoad: 300000\002C script: 30000}\002C unhandledPromptBehavior: dismiss and notify}\000ASession ID: 859ab8db14d3506f8e8eac1fa081e9ff,chrome not reachable\000A  (Session info: chrome=78.0.3904.108)\000ABuild info: version: '3.141.59'\002C revision: 'e82be7d358'\002C time: '2018-11-14T08:17:03'\000ASystem info: host: 'BICY5QHRAR'\002C ip: '16.214.224.233'\002C os.name: 'Windows 10'\002C os.arch: 'amd64'\002C os.version: '10.0'\002C java.version: '1.8.0_144'\000ADriver info: org.openqa.selenium.chrome.ChromeDriver\000ACapabilities {acceptInsecureCerts: false\002C browserName: chrome\002C browserVersion: 78.0.3904.108\002C chrome: {chromedriverVersion: 78.0.3904.70 (edb9c9f3de024...\002C userDataDir: C:\005CUsers\005Cmorara\005CAppData\005CLoc...}\002C goog:chromeOptions: {debuggerAddress: localhost:55251}\002C javascriptEnabled: true\002C networkConnectionEnabled: false\002C pageLoadStrategy: normal\002C platform: XP\002C platformName: XP\002C proxy: Proxy()\002C setWindowRect: true\002C strictFileInteractability: false\002C timeouts: {implicit: 0\002C pageLoad: 300000\002C script: 30000}\002C unhandledPromptBehavior: dismiss and notify}\000ASession ID: 859ab8db14d3506f8e8eac1fa081e9ff,org.openqa.selenium.WebDriverException: \000Achrome not reachable\000A  (Session info: chrome=78.0.3904.108)\000ABuild info: version: '3.141.59'\002C revision: 'e82be7d358'\002C time: '2018-11-14T08:17:03'\000ASystem info: host: 'BICY5QHRAR'\002C ip: '16.214.224.233'\002C os.name: 'Windows 10'\002C os.arch: 'amd64'\002C os.version: '10.0'\002C java.version: '1.8.0_144'\000ADriver info: org.openqa.selenium.chrome.ChromeDriver\000ACapabilities {acceptInsecureCerts: false\002C browserName: chrome\002C browserVersion: 78.0.3904.108\002C chrome: {chromedriverVersion: 78.0.3904.70 (edb9c9f3de024...\002C userDataDir: C:\005CUsers\005Cmorara\005CAppData\005CLoc...}\002C goog:chromeOptions: {debuggerAddress: localhost:55251}\002C javascriptEnabled: true\002C networkConnectionEnabled: false\002C pageLoadStrategy: normal\002C platform: XP\002C platformName: XP\002C proxy: Proxy()\002C setWindowRect: true\002C strictFileInteractability: false\002C timeouts: {implicit: 0\002C pageLoad: 300000\002C script: 30000}\002C unhandledPromptBehavior: dismiss and notify}\000ASession ID: 859ab8db14d3506f8e8eac1fa081e9ff\000A


# Created at 2019-12-04T13:22:00.969
Unexpected IOException: 2,1,org.apache.maven.surefire.junit4.JUnit4Provider,cucumberOptions.TestRunner,null,null,null


