-------------------------------------------------------------------------------
Test set: cucumberOptions.TestRunner
-------------------------------------------------------------------------------
Tests run: 1, Failures: 1, Errors: 0, Skipped: 0, Time elapsed: 68.256 s <<< FAILURE! - in cucumberOptions.TestRunner
Verify the meta tag "Robots" is found(Search for a meta tag)  Time elapsed: 66.669 s  <<< FAILURE!
java.lang.AssertionError

