-------------------------------------------------------------------------------
Test set: cucumberOptions.TestRunner
-------------------------------------------------------------------------------
Tests run: 36, Failures: 0, Errors: 36, Skipped: 0, Time elapsed: 12.927 s <<< FAILURE! - in cucumberOptions.TestRunner
Verify the breadcrumb of the SKU PDP(Various Regression Tests)  Time elapsed: 0.295 s  <<< ERROR!
java.lang.NullPointerException

Verify the breadcrumb of the SKU PDP(Various Regression Tests)  Time elapsed: 0.223 s  <<< ERROR!
java.lang.NullPointerException

Verify the breadcrumb of the SKU PDP(Various Regression Tests)  Time elapsed: 0.281 s  <<< ERROR!
java.lang.NullPointerException

Verify the breadcrumb of the SKU PDP(Various Regression Tests)  Time elapsed: 0.277 s  <<< ERROR!
java.lang.NullPointerException

Verify the breadcrumb of the SKU PDP(Various Regression Tests)  Time elapsed: 0.218 s  <<< ERROR!
java.lang.NullPointerException

Verify the breadcrumb of the SKU PDP(Various Regression Tests)  Time elapsed: 0.2 s  <<< ERROR!
java.lang.NullPointerException

Verify the breadcrumb of the SKU PDP(Various Regression Tests)  Time elapsed: 0.216 s  <<< ERROR!
java.lang.NullPointerException

Verify the breadcrumb of the SKU PDP(Various Regression Tests)  Time elapsed: 0.228 s  <<< ERROR!
java.lang.NullPointerException

Verify the breadcrumb of the SKU PDP(Various Regression Tests)  Time elapsed: 0.254 s  <<< ERROR!
java.lang.NullPointerException

Verify the breadcrumb of the SKU PDP(Various Regression Tests)  Time elapsed: 0.204 s  <<< ERROR!
java.lang.NullPointerException

Verify the breadcrumb of the SKU PDP(Various Regression Tests)  Time elapsed: 0.216 s  <<< ERROR!
java.lang.NullPointerException

Verify the breadcrumb of the SKU PDP(Various Regression Tests)  Time elapsed: 0.208 s  <<< ERROR!
java.lang.NullPointerException

Verify the breadcrumb of the SKU PDP(Various Regression Tests)  Time elapsed: 0.194 s  <<< ERROR!
java.lang.NullPointerException

Verify the breadcrumb of the SKU PDP(Various Regression Tests)  Time elapsed: 0.195 s  <<< ERROR!
java.lang.NullPointerException

Verify the breadcrumb of the SKU PDP(Various Regression Tests)  Time elapsed: 0.197 s  <<< ERROR!
java.lang.NullPointerException

Verify the breadcrumb of the SKU PDP(Various Regression Tests)  Time elapsed: 0.228 s  <<< ERROR!
java.lang.NullPointerException

Verify the breadcrumb of the SKU PDP(Various Regression Tests)  Time elapsed: 0.187 s  <<< ERROR!
java.lang.NullPointerException

Verify the breadcrumb of the SKU PDP(Various Regression Tests)  Time elapsed: 0.205 s  <<< ERROR!
java.lang.NullPointerException

Verify the breadcrumb of the SKU PDP(Various Regression Tests)  Time elapsed: 0.173 s  <<< ERROR!
java.lang.NullPointerException

Verify the breadcrumb of the SKU PDP(Various Regression Tests)  Time elapsed: 0.169 s  <<< ERROR!
java.lang.NullPointerException

Verify the breadcrumb of the SKU PDP(Various Regression Tests)  Time elapsed: 0.335 s  <<< ERROR!
java.lang.NullPointerException

Verify the breadcrumb of the SKU PDP(Various Regression Tests)  Time elapsed: 0.168 s  <<< ERROR!
java.lang.NullPointerException

Verify the breadcrumb of the SKU PDP(Various Regression Tests)  Time elapsed: 0.186 s  <<< ERROR!
java.lang.NullPointerException

Verify the breadcrumb of the SKU PDP(Various Regression Tests)  Time elapsed: 0.224 s  <<< ERROR!
java.lang.NullPointerException

Verify the breadcrumb of the SKU PDP(Various Regression Tests)  Time elapsed: 0.338 s  <<< ERROR!
java.lang.NullPointerException

Verify the breadcrumb of the SKU PDP(Various Regression Tests)  Time elapsed: 0.911 s  <<< ERROR!
java.lang.NullPointerException

Verify the breadcrumb of the SKU PDP(Various Regression Tests)  Time elapsed: 0.71 s  <<< ERROR!
java.lang.NullPointerException

Verify the breadcrumb of the SKU PDP(Various Regression Tests)  Time elapsed: 0.3 s  <<< ERROR!
java.lang.NullPointerException

Verify the breadcrumb of the SKU PDP(Various Regression Tests)  Time elapsed: 0.21 s  <<< ERROR!
java.lang.NullPointerException

Verify the breadcrumb of the SKU PDP(Various Regression Tests)  Time elapsed: 0.197 s  <<< ERROR!
java.lang.NullPointerException

Verify the breadcrumb of the SKU PDP(Various Regression Tests)  Time elapsed: 0.204 s  <<< ERROR!
java.lang.NullPointerException

Verify the breadcrumb of the SKU PDP(Various Regression Tests)  Time elapsed: 0.16 s  <<< ERROR!
java.lang.NullPointerException

Verify the breadcrumb of the SKU PDP(Various Regression Tests)  Time elapsed: 0.184 s  <<< ERROR!
java.lang.NullPointerException

Verify the breadcrumb of the SKU PDP(Various Regression Tests)  Time elapsed: 0.184 s  <<< ERROR!
java.lang.NullPointerException

Verify the breadcrumb of the SKU PDP(Various Regression Tests)  Time elapsed: 0.17 s  <<< ERROR!
java.lang.NullPointerException

Verify the breadcrumb of the SKU PDP(Various Regression Tests)  Time elapsed: 0.2 s  <<< ERROR!
java.lang.NullPointerException

