<?xml version="1.0" encoding="UTF-8"?>
<testsuite xmlns:xsi="http://www.w3.org/2001/XMLSchema-instance" xsi:noNamespaceSchemaLocation="https://maven.apache.org/surefire/maven-surefire-plugin/xsd/surefire-test-report.xsd" name="cucumberOptions.TestRunner" time="82.018" tests="1" errors="1" skipped="0" failures="0">
  <properties>
[...]
</properties>
  <testcase name="Verify if user is able to sort the results of a product search" classname="Sorting options" time="80.354">
    <error message="java.util.ArrayList$Itr cannot be cast to java.lang.Iterable" type="java.lang.ClassCastException">java.lang.ClassCastException: java.util.ArrayList$Itr cannot be cast to java.lang.Iterable
</error>
    <system-out><![CDATA[Feature: Sorting options

  @SortingTest
  Scenario Outline: Verify if user is able to sort the results of a product search &amp#27;[90m# src/test/java/features/Sorting.feature:4&amp#27;[0m
    &amp#27;[36mGiven User is on StoreFront homepage with <link>&amp#27;[0m
    &amp#27;[36mWhen User goes to login page&amp#27;[0m
    &amp#27;[36mAnd User logins with "isao.palacios.canadaen@yopmail.com" and "Moloko66"&amp#27;[0m
    &amp#27;[36mAnd User searches for "DL380"&amp#27;[0m
    &amp#27;[36mThen Relevance sorting is selected by default&amp#27;[0m
    &amp#27;[36mAnd User selects sort by name ascending&amp#27;[0m
    &amp#27;[36mThen Name ascending sorting is displayed&amp#27;[0m
    &amp#27;[36mAnd User selects sort by name descending&amp#27;[0m
    &amp#27;[36mThen Name descending sorting is displayed&amp#27;[0m

    Examples: 

  @SortingTest
  Scenario Outline: Verify if user is able to sort the results of a product search &amp#27;[90m# src/test/java/features/Sorting.feature:16&amp#27;[0m
C:\Users\morara\eclipse-workspace 2\eCommerce
Header Menu is loaded
    &amp#27;[32mGiven &amp#27;[0m&amp#27;[32mUser is on StoreFront homepage with &amp#27;[0m&amp#27;[32m&amp#27;[1mhttps://uat.buy.hpe.com/fr/fr&amp#27;[0m        &amp#27;[90m# StepsDefinitions.user_is_on_storefront_homepage_with(String)&amp#27;[0m
SignIn Page is loaded
    &amp#27;[32mWhen &amp#27;[0m&amp#27;[32mUser goes to login page&amp#27;[0m                                                   &amp#27;[90m# StepsDefinitions.user_goes_to_login_page()&amp#27;[0m
Account Page is loaded
    &amp#27;[32mAnd &amp#27;[0m&amp#27;[32mUser logins with "&amp#27;[0m&amp#27;[32m&amp#27;[1misao.palacios.canadaen@yopmail.com&amp#27;[0m&amp#27;[32m" and "&amp#27;[0m&amp#27;[32m&amp#27;[1mMoloko66&amp#27;[0m&amp#27;[32m"&amp#27;[0m       &amp#27;[90m# StepsDefinitions.user_logins_with_something_and_something(String,String)&amp#27;[0m
    &amp#27;[32mAnd &amp#27;[0m&amp#27;[32mUser searches for "&amp#27;[0m&amp#27;[32m&amp#27;[1mDL380&amp#27;[0m&amp#27;[32m"&amp#27;[0m                                                  &amp#27;[90m# StepsDefinitions.user_searches_for_something(String)&amp#27;[0m
Clicked on page Size 100 items
Default selection: relevance
    &amp#27;[32mThen &amp#27;[0m&amp#27;[32mRelevance sorting is selected by default&amp#27;[0m                                  &amp#27;[90m# StepsDefinitions.relevance_sorting_is_selected_by_default()&amp#27;[0m
Selecting Sorting ascending...
    &amp#27;[32mAnd &amp#27;[0m&amp#27;[32mUser selects sort by name ascending&amp#27;[0m                                        &amp#27;[90m# StepsDefinitions.user_selects_sort_by_name_ascending()&amp#27;[0m
Sorting ascending TESTING:
Contrôleur HPE Smart Array P840ar
Gamme de commutateurs HPE OfficeConnect 1920S
HPE AppSystem pour Apache Hadoop
HPE Composable Rack
HPE Installation and Startup Edgeline EL300 Service
HPE Installation and Startup for HyperConverged 380 Service
HPE Installation and Startup SimpliVity 380 for VMware Onsite SW Service
HPE Installation and Startup SimpliVity 380 for VMware Remote SW Service
HPE Installation and Startup SimpliVity 380 HW Service
HPE Installation and Startup SimpliVity 380 Update_Service
    &amp#27;[31mThen &amp#27;[0m&amp#27;[31mName ascending sorting is displayed&amp#27;[0m                                       &amp#27;[90m# StepsDefinitions.name_ascending_sorting_is_displayed()&amp#27;[0m
      &amp#27;[31mjava.lang.ClassCastException: java.util.ArrayList$Itr cannot be cast to java.lang.Iterable
	at pageObjects.ResultsPage.isSortNameAsc(ResultsPage.java:199)
	at stepDefinitions.StepsDefinitions.name_ascending_sorting_is_displayed(StepsDefinitions.java:77)
	at ?.Name ascending sorting is displayed(file:src/test/java/features/Sorting.feature:11)
&amp#27;[0m
    &amp#27;[36mAnd &amp#27;[0m&amp#27;[36mUser selects sort by name descending&amp#27;[0m                                       &amp#27;[90m# StepsDefinitions.user_selects_sort_by_name_descending()&amp#27;[0m
    &amp#27;[36mThen &amp#27;[0m&amp#27;[36mName descending sorting is displayed&amp#27;[0m                                      &amp#27;[90m# StepsDefinitions.name_descending_sorting_is_displayed()&amp#27;[0m
]]></system-out>
    <system-err><![CDATA[Starting ChromeDriver 78.0.3904.70 (edb9c9f3de0247fd912a77b7f6cae7447f6d3ad5-refs/branch-heads/3904@{#800}) on port 33000
Only local connections are allowed.
Please protect ports used by ChromeDriver and related test frameworks to prevent access by malicious code.
[1579644552.728][WARNING]: This version of ChromeDriver has not been tested with Chrome version 79.
ene 21, 2020 4:09:13 PM org.openqa.selenium.remote.ProtocolHandshake createSession
INFO: Detected dialect: W3C
]]></system-err>
  </testcase>
</testsuite>