<?xml version="1.0" encoding="UTF-8"?>
<testsuite xmlns:xsi="http://www.w3.org/2001/XMLSchema-instance" xsi:noNamespaceSchemaLocation="https://maven.apache.org/surefire/maven-surefire-plugin/xsd/surefire-test-report.xsd" name="cucumberOptions.TestRunner" time="243.552" tests="2" errors="1" skipped="0" failures="0">
  <properties>
[...]
</properties>
  <testcase name="Verify the h1 tag in all pages" classname="Sourcecode verifications" time="84.172">
    <error type="java.lang.RuntimeException">java.lang.RuntimeException
</error>
    <system-out><![CDATA[Feature: Sourcecode verifications

  @SourceCodeTest
  Scenario Outline: Verify the h1 tag in all pages &amp#27;[90m# src/test/java/features/SourceCode.feature:45&amp#27;[0m
    &amp#27;[36mGiven User is on StoreFront homepage with <link>&amp#27;[0m
    &amp#27;[36mThen H1 tag is present&amp#27;[0m
    &amp#27;[36mWhen User goes to login page&amp#27;[0m
    &amp#27;[36mAnd User logins with <user> and <password>&amp#27;[0m
    &amp#27;[36mThen H1 tag is present&amp#27;[0m
    &amp#27;[36mWhen User goes to Servers Catalog&amp#27;[0m
    &amp#27;[36mThen H1 tag is present&amp#27;[0m
    &amp#27;[36mAnd User searches for "DL380"&amp#27;[0m
    &amp#27;[36mThen H1 tag is present&amp#27;[0m
    &amp#27;[36mAnd User searches and opens "DL380"&amp#27;[0m
    &amp#27;[36mThen H1 tag is present&amp#27;[0m
    &amp#27;[36mAnd User clicks on get quote button&amp#27;[0m
    &amp#27;[36mThen H1 tag is present&amp#27;[0m
    &amp#27;[36mWhen User completes the quote request form&amp#27;[0m
    &amp#27;[36mThen H1 tag is present&amp#27;[0m

    Examples: 

  @SourceCodeTest
  Scenario Outline: Verify the h1 tag in all pages                          &amp#27;[90m# src/test/java/features/SourceCode.feature:63&amp#27;[0m
C:\Users\morara\eclipse-workspace 2\eCommerce
Header Menu is loaded
    &amp#27;[32mGiven &amp#27;[0m&amp#27;[32mUser is on StoreFront homepage with &amp#27;[0m&amp#27;[32m&amp#27;[1mhttps://uat.buy.hpe.com/hk/en&amp#27;[0m &amp#27;[90m# StepsDefinitions.user_is_on_storefront_homepage_with(String)&amp#27;[0m
    &amp#27;[32mThen &amp#27;[0m&amp#27;[32mH1 tag is present&amp#27;[0m                                                  &amp#27;[90m# StepsDefinitions.h1_tag_is_present()&amp#27;[0m
SignIn Page is loaded
    &amp#27;[32mWhen &amp#27;[0m&amp#27;[32mUser goes to login page&amp#27;[0m                                            &amp#27;[90m# StepsDefinitions.user_goes_to_login_page()&amp#27;[0m
SignIn Unsuccessfull. Please check credentials
    &amp#27;[31mAnd &amp#27;[0m&amp#27;[31mUser logins with &amp#27;[0m&amp#27;[31m&amp#27;[1mhkfer11@yopmail.com&amp#27;[0m&amp#27;[31m and &amp#27;[0m&amp#27;[31m&amp#27;[1mhkfer11&amp#27;[0m                    &amp#27;[90m# StepsDefinitions.user_logins_with_and(String,String)&amp#27;[0m
      &amp#27;[31mjava.lang.RuntimeException
	at pageObjects.SignInPage.user_Login(SignInPage.java:71)
	at stepDefinitions.StepsDefinitions.user_logins_with_and(StepsDefinitions.java:108)
	at ?.User logins with hkfer11@yopmail.com and hkfer11(file:src/test/java/features/SourceCode.feature:49)
&amp#27;[0m
    &amp#27;[36mThen &amp#27;[0m&amp#27;[36mH1 tag is present&amp#27;[0m                                                  &amp#27;[90m# StepsDefinitions.h1_tag_is_present()&amp#27;[0m
    &amp#27;[36mWhen &amp#27;[0m&amp#27;[36mUser goes to Servers Catalog&amp#27;[0m                                       &amp#27;[90m# StepsDefinitions.user_goes_to_servers_catalog()&amp#27;[0m
    &amp#27;[36mThen &amp#27;[0m&amp#27;[36mH1 tag is present&amp#27;[0m                                                  &amp#27;[90m# StepsDefinitions.h1_tag_is_present()&amp#27;[0m
    &amp#27;[36mAnd &amp#27;[0m&amp#27;[36mUser searches for "&amp#27;[0m&amp#27;[36m&amp#27;[1mDL380&amp#27;[0m&amp#27;[36m"&amp#27;[0m                                           &amp#27;[90m# StepsDefinitions.user_searches_for_something(String)&amp#27;[0m
    &amp#27;[36mThen &amp#27;[0m&amp#27;[36mH1 tag is present&amp#27;[0m                                                  &amp#27;[90m# StepsDefinitions.h1_tag_is_present()&amp#27;[0m
    &amp#27;[36mAnd &amp#27;[0m&amp#27;[36mUser searches and opens "&amp#27;[0m&amp#27;[36m&amp#27;[1mDL380&amp#27;[0m&amp#27;[36m"&amp#27;[0m                                     &amp#27;[90m# StepsDefinitions.user_searches_and_opens_something(String)&amp#27;[0m
    &amp#27;[36mThen &amp#27;[0m&amp#27;[36mH1 tag is present&amp#27;[0m                                                  &amp#27;[90m# StepsDefinitions.h1_tag_is_present()&amp#27;[0m
    &amp#27;[36mAnd &amp#27;[0m&amp#27;[36mUser clicks on get quote button&amp#27;[0m                                     &amp#27;[90m# StepsDefinitions.user_clicks_on_get_quote_button()&amp#27;[0m
    &amp#27;[36mThen &amp#27;[0m&amp#27;[36mH1 tag is present&amp#27;[0m                                                  &amp#27;[90m# StepsDefinitions.h1_tag_is_present()&amp#27;[0m
    &amp#27;[36mWhen &amp#27;[0m&amp#27;[36mUser completes the quote request form&amp#27;[0m                              &amp#27;[90m# StepsDefinitions.user_completes_the_quote_request_form()&amp#27;[0m
    &amp#27;[36mThen &amp#27;[0m&amp#27;[36mH1 tag is present&amp#27;[0m                                                  &amp#27;[90m# StepsDefinitions.h1_tag_is_present()&amp#27;[0m
]]></system-out>
    <system-err><![CDATA[Starting ChromeDriver 78.0.3904.70 (edb9c9f3de0247fd912a77b7f6cae7447f6d3ad5-refs/branch-heads/3904@{#800}) on port 44036
Only local connections are allowed.
Please protect ports used by ChromeDriver and related test frameworks to prevent access by malicious code.
[1580155148.367][WARNING]: This version of ChromeDriver has not been tested with Chrome version 79.
ene 27, 2020 1:59:09 PM org.openqa.selenium.remote.ProtocolHandshake createSession
INFO: Detected dialect: W3C
]]></system-err>
  </testcase>
  <testcase name="Verify the h1 tag in all pages" classname="Sourcecode verifications" time="157.47"/>
</testsuite>