<?xml version="1.0" encoding="UTF-8" standalone="no"?>
<testsuite failures="1" name="cucumber.runtime.formatter.JUnitFormatter" skipped="0" tests="1" time="45.418926">
<testcase classname="Search for a meta tag" name="Verify the meta tag &quot;Robots&quot; is found" time="45.418926">
<failure message="cucumber.runtime.CucumberException: Could not convert arguments for step [^verify content is &quot;([^&quot;]*)&quot;$] defined at 'stepDefinitions.SearchMetaTag.verify_content_is_something(String&gt;) in file:/C:/Users/ruvalcan/IdeaProjects/eCommerce/target/test-classes/'.&#10;The details are in the stacktrace below.&#13;&#10;&#9;at cucumber.runner.PickleStepDefinitionMatch.couldNotConvertArguments(PickleStepDefinitionMatch.java:69)&#13;&#10;&#9;at cucumber.runner.PickleStepDefinitionMatch.runStep(PickleStepDefinitionMatch.java:46)&#13;&#10;&#9;at cucumber.runner.TestStep.executeStep(TestStep.java:65)&#13;&#10;&#9;at cucumber.runner.TestStep.run(TestStep.java:50)&#13;&#10;&#9;at cucumber.runner.PickleStepTestStep.run(PickleStepTestStep.java:43)&#13;&#10;&#9;at cucumber.runner.TestCase.run(TestCase.java:46)&#13;&#10;&#9;at cucumber.runner.Runner.runPickle(Runner.java:50)&#13;&#10;&#9;at io.cucumber.junit.PickleRunners$NoStepDescriptions.run(PickleRunners.java:146)&#13;&#10;&#9;at io.cucumber.junit.FeatureRunner.runChild(FeatureRunner.java:68)&#13;&#10;&#9;at io.cucumber.junit.FeatureRunner.runChild(FeatureRunner.java:23)&#13;&#10;&#9;at org.junit.runners.ParentRunner$3.run(ParentRunner.java:238)&#13;&#10;&#9;at org.junit.runners.ParentRunner$1.schedule(ParentRunner.java:63)&#13;&#10;&#9;at org.junit.runners.ParentRunner.runChildren(ParentRunner.java:236)&#13;&#10;&#9;at org.junit.runners.ParentRunner.access$000(ParentRunner.java:53)&#13;&#10;&#9;at org.junit.runners.ParentRunner$2.evaluate(ParentRunner.java:229)&#13;&#10;&#9;at org.junit.runners.ParentRunner.run(ParentRunner.java:309)&#13;&#10;&#9;at io.cucumber.junit.Cucumber.runChild(Cucumber.java:144)&#13;&#10;&#9;at io.cucumber.junit.Cucumber.runChild(Cucumber.java:65)&#13;&#10;&#9;at org.junit.runners.ParentRunner$3.run(ParentRunner.java:238)&#13;&#10;&#9;at org.junit.runners.ParentRunner$1.schedule(ParentRunner.java:63)&#13;&#10;&#9;at org.junit.runners.ParentRunner.runChildren(ParentRunner.java:236)&#13;&#10;&#9;at org.junit.runners.ParentRunner.access$000(ParentRunner.java:53)&#13;&#10;&#9;at org.junit.runners.ParentRunner$2.evaluate(ParentRunner.java:229)&#13;&#10;&#9;at io.cucumber.junit.Cucumber$RunCucumber.evaluate(Cucumber.java:174)&#13;&#10;&#9;at org.junit.runners.ParentRunner.run(ParentRunner.java:309)&#13;&#10;&#9;at org.apache.maven.surefire.junit4.JUnit4Provider.execute(JUnit4Provider.java:365)&#13;&#10;&#9;at org.apache.maven.surefire.junit4.JUnit4Provider.executeWithRerun(JUnit4Provider.java:273)&#13;&#10;&#9;at org.apache.maven.surefire.junit4.JUnit4Provider.executeTestSet(JUnit4Provider.java:238)&#13;&#10;&#9;at org.apache.maven.surefire.junit4.JUnit4Provider.invoke(JUnit4Provider.java:159)&#13;&#10;&#9;at org.apache.maven.surefire.booter.ForkedBooter.invokeProviderInSameClassLoader(ForkedBooter.java:384)&#13;&#10;&#9;at org.apache.maven.surefire.booter.ForkedBooter.runSuitesInProcess(ForkedBooter.java:345)&#13;&#10;&#9;at org.apache.maven.surefire.booter.ForkedBooter.execute(ForkedBooter.java:126)&#13;&#10;&#9;at org.apache.maven.surefire.booter.ForkedBooter.main(ForkedBooter.java:418)&#13;&#10;Caused by: io.cucumber.cucumberexpressions.CucumberExpressionException: ParameterType {anonymous} failed to transform [follow, index] to java.util.List&lt;java.lang.String&gt;&#13;&#10;&#9;at io.cucumber.cucumberexpressions.ParameterType.transform(ParameterType.java:190)&#13;&#10;&#9;at io.cucumber.cucumberexpressions.Argument.getValue(Argument.java:64)&#13;&#10;&#9;at io.cucumber.stepexpression.ExpressionArgument.getValue(ExpressionArgument.java:15)&#13;&#10;&#9;at cucumber.runner.PickleStepDefinitionMatch.runStep(PickleStepDefinitionMatch.java:41)&#13;&#10;&#9;... 31 more&#13;&#10;Caused by: java.lang.IllegalArgumentException: Can't transform 'follow, index' to java.util.List&lt;java.lang.String&gt;&#10;BuiltInParameterTransformer only supports a limited number of class types&#10;Consider using a different object mapper or register a parameter type for java.util.List&lt;java.lang.String&gt;&#13;&#10;&#9;at io.cucumber.cucumberexpressions.BuiltInParameterTransformer.createIllegalArgumentException(BuiltInParameterTransformer.java:87)&#13;&#10;&#9;at io.cucumber.cucumberexpressions.BuiltInParameterTransformer.transform(BuiltInParameterTransformer.java:22)&#13;&#10;&#9;at io.cucumber.cucumberexpressions.ObjectMapperTransformer.transform(ObjectMapperTransformer.java:18)&#13;&#10;&#9;at io.cucumber.cucumberexpressions.ParameterType$TransformerAdaptor.transform(ParameterType.java:215)&#13;&#10;&#9;at io.cucumber.cucumberexpressions.ParameterType.transform(ParameterType.java:186)&#13;&#10;&#9;... 34 more&#13;&#10;"><![CDATA[Given User is on the homepage with https://uat.buy.hpe.com/ca/fr and login..passed
And Navigate to "PLP/PDP" page..............................................passed
And Get the source code elements............................................passed
Then Search for the "robot meta tag" name...................................passed
And verify content is "follow, index".......................................failed
And Verify for checkout pages meta tag is "nofollow,noindex"................skipped

StackTrace:
cucumber.runtime.CucumberException: Could not convert arguments for step [^verify content is "([^"]*)"$] defined at 'stepDefinitions.SearchMetaTag.verify_content_is_something(String>) in file:/C:/Users/ruvalcan/IdeaProjects/eCommerce/target/test-classes/'.
The details are in the stacktrace below.
	at cucumber.runner.PickleStepDefinitionMatch.couldNotConvertArguments(PickleStepDefinitionMatch.java:69)
	at cucumber.runner.PickleStepDefinitionMatch.runStep(PickleStepDefinitionMatch.java:46)
	at cucumber.runner.TestStep.executeStep(TestStep.java:65)
	at cucumber.runner.TestStep.run(TestStep.java:50)
	at cucumber.runner.PickleStepTestStep.run(PickleStepTestStep.java:43)
	at cucumber.runner.TestCase.run(TestCase.java:46)
	at cucumber.runner.Runner.runPickle(Runner.java:50)
	at io.cucumber.junit.PickleRunners$NoStepDescriptions.run(PickleRunners.java:146)
	at io.cucumber.junit.FeatureRunner.runChild(FeatureRunner.java:68)
	at io.cucumber.junit.FeatureRunner.runChild(FeatureRunner.java:23)
	at org.junit.runners.ParentRunner$3.run(ParentRunner.java:238)
	at org.junit.runners.ParentRunner$1.schedule(ParentRunner.java:63)
	at org.junit.runners.ParentRunner.runChildren(ParentRunner.java:236)
	at org.junit.runners.ParentRunner.access$000(ParentRunner.java:53)
	at org.junit.runners.ParentRunner$2.evaluate(ParentRunner.java:229)
	at org.junit.runners.ParentRunner.run(ParentRunner.java:309)
	at io.cucumber.junit.Cucumber.runChild(Cucumber.java:144)
	at io.cucumber.junit.Cucumber.runChild(Cucumber.java:65)
	at org.junit.runners.ParentRunner$3.run(ParentRunner.java:238)
	at org.junit.runners.ParentRunner$1.schedule(ParentRunner.java:63)
	at org.junit.runners.ParentRunner.runChildren(ParentRunner.java:236)
	at org.junit.runners.ParentRunner.access$000(ParentRunner.java:53)
	at org.junit.runners.ParentRunner$2.evaluate(ParentRunner.java:229)
	at io.cucumber.junit.Cucumber$RunCucumber.evaluate(Cucumber.java:174)
	at org.junit.runners.ParentRunner.run(ParentRunner.java:309)
	at org.apache.maven.surefire.junit4.JUnit4Provider.execute(JUnit4Provider.java:365)
	at org.apache.maven.surefire.junit4.JUnit4Provider.executeWithRerun(JUnit4Provider.java:273)
	at org.apache.maven.surefire.junit4.JUnit4Provider.executeTestSet(JUnit4Provider.java:238)
	at org.apache.maven.surefire.junit4.JUnit4Provider.invoke(JUnit4Provider.java:159)
	at org.apache.maven.surefire.booter.ForkedBooter.invokeProviderInSameClassLoader(ForkedBooter.java:384)
	at org.apache.maven.surefire.booter.ForkedBooter.runSuitesInProcess(ForkedBooter.java:345)
	at org.apache.maven.surefire.booter.ForkedBooter.execute(ForkedBooter.java:126)
	at org.apache.maven.surefire.booter.ForkedBooter.main(ForkedBooter.java:418)
Caused by: io.cucumber.cucumberexpressions.CucumberExpressionException: ParameterType {anonymous} failed to transform [follow, index] to java.util.List<java.lang.String>
	at io.cucumber.cucumberexpressions.ParameterType.transform(ParameterType.java:190)
	at io.cucumber.cucumberexpressions.Argument.getValue(Argument.java:64)
	at io.cucumber.stepexpression.ExpressionArgument.getValue(ExpressionArgument.java:15)
	at cucumber.runner.PickleStepDefinitionMatch.runStep(PickleStepDefinitionMatch.java:41)
	... 31 more
Caused by: java.lang.IllegalArgumentException: Can't transform 'follow, index' to java.util.List<java.lang.String>
BuiltInParameterTransformer only supports a limited number of class types
Consider using a different object mapper or register a parameter type for java.util.List<java.lang.String>
	at io.cucumber.cucumberexpressions.BuiltInParameterTransformer.createIllegalArgumentException(BuiltInParameterTransformer.java:87)
	at io.cucumber.cucumberexpressions.BuiltInParameterTransformer.transform(BuiltInParameterTransformer.java:22)
	at io.cucumber.cucumberexpressions.ObjectMapperTransformer.transform(ObjectMapperTransformer.java:18)
	at io.cucumber.cucumberexpressions.ParameterType$TransformerAdaptor.transform(ParameterType.java:215)
	at io.cucumber.cucumberexpressions.ParameterType.transform(ParameterType.java:186)
	... 34 more
]]></failure>
</testcase>
</testsuite>
